[debug] [2026-04-24T21:41:46.711Z] [Firebase Plugin] Activating Firebase extension.
[debug] [2026-04-24T21:41:47.846Z] [Firebase Plugin] requireAuthWrapper
[debug] [2026-04-24T21:41:47.847Z] > command requires scopes: ["email","openid","https://www.googleapis.com/auth/cloudplatformprojects.readonly","https://www.googleapis.com/auth/firebase","https://www.googleapis.com/auth/cloud-platform"]
[debug] [2026-04-24T21:41:47.869Z] [Firebase Plugin] VSCode notification server listening on port 40001
[error] [Firebase Plugin] requireAuth error: Could not load the default credentials. Browse to https://cloud.google.com/docs/authentication/getting-started for more information.
[info] [Firebase Plugin] Starting SQL Connect toolkit (version 3.4.5) on port 50001
[debug] [2026-04-24T21:41:49.718Z] I0424 18:41:49.681306   16064 control.go:100] [projects/emulator/locations/emulator/services/krono c49d] UpdateResources(): done
Main schema: sources: schema\schema.gql [1992B] 
Connector "example": sources: example\mutations.gql [1243B] example\queries.gql [1801B] 
 {"metadata":{"emulator":{"name":"dataconnect"},"message":"I0424 18:41:49.681306   16064 control.go:100] [projects/emulator/locations/emulator/services/krono c49d] UpdateResources(): done\nMain schema: sources: schema\\schema.gql [1992B] \nConnector \"example\": sources: example\\mutations.gql [1243B] example\\queries.gql [1801B] \n"}}
[debug] [2026-04-24T21:41:49.719Z] Ignoring unsupported arg: auto_download {"metadata":{"emulator":{"name":"dataconnect"},"message":"Ignoring unsupported arg: auto_download"}}
[debug] [2026-04-24T21:41:49.719Z] Ignoring unsupported arg: port {"metadata":{"emulator":{"name":"dataconnect"},"message":"Ignoring unsupported arg: port"}}
[debug] [2026-04-24T21:41:49.719Z] Starting SQL Connect Emulator with command {"binary":"C:\\Users\\Gustavo\\.cache\\firebase\\emulators\\dataconnect-emulator-3.4.5.exe","args":["--logtostderr","-v=2","dev","--listen=localhost:50001","--config_dir=e:\\KRONO\\krono\\dataconnect","--enable_output_schema_extensions=true","--enable_output_generated_sdk=true"],"optionalArgs":["listen","config_dir","enable_output_schema_extensions","enable_output_generated_sdk"],"joinArgs":true,"shell":false,"port":9399} {"metadata":{"emulator":{"name":"dataconnect"},"message":"Starting SQL Connect Emulator with command {\"binary\":\"C:\\\\Users\\\\Gustavo\\\\.cache\\\\firebase\\\\emulators\\\\dataconnect-emulator-3.4.5.exe\",\"args\":[\"--logtostderr\",\"-v=2\",\"dev\",\"--listen=localhost:50001\",\"--config_dir=e:\\\\KRONO\\\\krono\\\\dataconnect\",\"--enable_output_schema_extensions=true\",\"--enable_output_generated_sdk=true\"],\"optionalArgs\":[\"listen\",\"config_dir\",\"enable_output_schema_extensions\",\"enable_output_generated_sdk\"],\"joinArgs\":true,\"shell\":false,\"port\":9399}"}}
[info] i  dataconnect: SQL Connect Emulator logging to dataconnect-debug.log {"metadata":{"emulator":{"name":"dataconnect"},"message":"SQL Connect Emulator logging to \u001b[1mdataconnect-debug.log\u001b[22m"}}
[debug] [2026-04-24T21:41:50.277Z] I0424 18:41:49.758517   15332 load.go:31] Reloading schema and connectors...
I0424 18:41:49.808063   15332 control.go:100] [projects/emulator/locations/emulator/services/krono d8cb] UpdateResources(): done
Main schema: sources: schema\schema.gql [1992B] 
Connector "example": sources: example\mutations.gql [1243B] example\queries.gql [1801B] 
I0424 18:41:49.819268   15332 codegen.go:101] [connector "example" javascriptSdk] Generating sources into "e:\\KRONO\\krono\\src\\dataconnect-generated"
I0424 18:41:49.824994   15332 collector.go:107] schema extensions wrote into "e:\\KRONO\\krono\\dataconnect\\.dataconnect\\schema"
Generated sources: main\relation.gql [14318B] main\query.gql [5099B] main\mutation.gql [13679B] prelude.gql [82799B] main\implicit.gql [1261B] main\input.gql [28927B] 
I0424 18:41:49.825994   15332 collector.go:107] connector "example" javascriptSdk wrote into "e:\\KRONO\\krono\\src\\dataconnect-generated"
Generated sources: README.md [41108B] .guides/setup.md [584B] .guides/config.json [236B] index.d.ts [8426B] esm\index.esm.js [5263B] esm\package.json [17B] index.cjs.js [5807B] package.json [615B] .guides/usage.md [1705B] 
I0424 18:41:49.826994   15332 installsdk.go:55] Package @dataconnect/generated is already installed. Skipping installation
I0424 18:41:49.826994   15332 load.go:109] Finished reloading
I0424 18:41:49.838993   15332 dev.go:104] Listening on address (HTTP + gRPC): 127.0.0.1:50001
 {"metadata":{"emulator":{"name":"dataconnect"},"message":"I0424 18:41:49.758517   15332 load.go:31] Reloading schema and connectors...\nI0424 18:41:49.808063   15332 control.go:100] [projects/emulator/locations/emulator/services/krono d8cb] UpdateResources(): done\nMain schema: sources: schema\\schema.gql [1992B] \nConnector \"example\": sources: example\\mutations.gql [1243B] example\\queries.gql [1801B] \nI0424 18:41:49.819268   15332 codegen.go:101] [connector \"example\" javascriptSdk] Generating sources into \"e:\\\\KRONO\\\\krono\\\\src\\\\dataconnect-generated\"\nI0424 18:41:49.824994   15332 collector.go:107] schema extensions wrote into \"e:\\\\KRONO\\\\krono\\\\dataconnect\\\\.dataconnect\\\\schema\"\nGenerated sources: main\\relation.gql [14318B] main\\query.gql [5099B] main\\mutation.gql [13679B] prelude.gql [82799B] main\\implicit.gql [1261B] main\\input.gql [28927B] \nI0424 18:41:49.825994   15332 collector.go:107] connector \"example\" javascriptSdk wrote into \"e:\\\\KRONO\\\\krono\\\\src\\\\dataconnect-generated\"\nGenerated sources: README.md [41108B] .guides/setup.md [584B] .guides/config.json [236B] index.d.ts [8426B] esm\\index.esm.js [5263B] esm\\package.json [17B] index.cjs.js [5807B] package.json [615B] .guides/usage.md [1705B] \nI0424 18:41:49.826994   15332 installsdk.go:55] Package @dataconnect/generated is already installed. Skipping installation\nI0424 18:41:49.826994   15332 load.go:109] Finished reloading\nI0424 18:41:49.838993   15332 dev.go:104] Listening on address (HTTP + gRPC): 127.0.0.1:50001\n"}}
[debug] [2026-04-24T21:41:50.638Z] I0424 18:41:50.641595   15332 engine.go:209] [projects/emulator/locations/emulator/services/krono d8cb] ExecuteGraphqlRead query IntrospectionQuery: succeeded. 
 {"metadata":{"emulator":{"name":"dataconnect"},"message":"I0424 18:41:50.641595   15332 engine.go:209] [projects/emulator/locations/emulator/services/krono d8cb] ExecuteGraphqlRead query IntrospectionQuery: succeeded. \n"}}
